
=== Wed Nov 15 13:20:48 2023

Packages were changed.
Update Mode: mergeDefaultDependencies

The following packages were updated:
  com.unity.ide.rider from version 3.0.25 to 3.0.26
  com.unity.ide.visualstudio from version 2.0.21 to 2.0.22
  com.unity.memoryprofiler from version 1.0.0 to 1.1.0
  com.unity.splines from version 2.4.0 to 2.5.1

=== Wed Nov 15 14:35:23 2023

Packages were changed.
Update Mode: updateDependencies

The following packages were updated:
  com.unity.collab-proxy from version 1.3.9 to 2.2.0
  com.unity.ext.nunit from version 1.0.0 to 1.0.6
  com.unity.ide.rider from version 1.2.1 to 3.0.26
  com.unity.ide.visualstudio from version 2.0.3 to 2.0.22
  com.unity.ide.vscode from version 1.2.2 to 1.2.5
  com.unity.postprocessing from version 2.3.0 to 3.2.2
  com.unity.test-framework from version 1.1.18 to 1.1.33
  com.unity.textmeshpro from version 3.0.1 to 3.0.6
  com.unity.timeline from version 1.2.6 to 1.7.6

=== Wed Nov 15 14:35:23 2023

Packages were changed.
Update Mode: mergeDefaultDependencies

The following packages were added:
  com.unity.ext.nunit@1.0.6

=== Wed Nov 15 14:57:30 2023

Packages were changed.
Update Mode: updateDependencies

The following packages were updated:
  com.unity.render-pipelines.universal from version 12.1.7 to 14.0.9
